<?xml version="1.0" encoding="UTF-8"?>
<testsuite name="Tests" tests="3" skipped="0" failures="0" errors="0" timestamp="2024-06-15T08:53:05" hostname="MacBook-Pro-von-Ismail.local" time="0.002">
  <properties/>
  <testcase name="sample1()" classname="Tests" time="0.0"/>
  <testcase name="sample2()" classname="Tests" time="0.001"/>
  <testcase name="sample3()" classname="Tests" time="0.0"/>
  <system-out><![CDATA[]]></system-out>
  <system-err><![CDATA[]]></system-err>
</testsuite>
