<?xml version="1.0" encoding="UTF-8"?>
<testsuite name="HiddenTests" tests="6" skipped="0" failures="0" errors="0" timestamp="2024-06-15T08:53:05" hostname="MacBook-Pro-von-Ismail.local" time="0.243">
  <properties/>
  <testcase name="large_random_tests()" classname="HiddenTests" time="0.227"/>
  <testcase name="small_random_tests()" classname="HiddenTests" time="0.001"/>
  <testcase name="maximal_tests()" classname="HiddenTests" time="0.008"/>
  <testcase name="sample1()" classname="HiddenTests" time="0.003"/>
  <testcase name="sample2()" classname="HiddenTests" time="0.001"/>
  <testcase name="sample3()" classname="HiddenTests" time="0.001"/>
  <system-out><![CDATA[]]></system-out>
  <system-err><![CDATA[]]></system-err>
</testsuite>
