<?xml version="1.0" encoding="UTF-8"?>
<testsuite name="Tests" tests="2" skipped="0" failures="0" errors="0" timestamp="2024-06-15T09:09:36" hostname="MacBook-Pro-von-Ismail.local" time="0.012">
  <properties/>
  <testcase name="sample1()" classname="Tests" time="0.011"/>
  <testcase name="sample2()" classname="Tests" time="0.001"/>
  <system-out><![CDATA[]]></system-out>
  <system-err><![CDATA[]]></system-err>
</testsuite>
