<?xml version="1.0" encoding="UTF-8"?>
<testsuite name="HiddenTests" tests="1" skipped="0" failures="0" errors="0" timestamp="2024-06-15T08:26:27" hostname="MacBook-Pro-von-Ismail.local" time="0.017">
  <properties/>
  <testcase name="testAllPairs()" classname="HiddenTests" time="0.017"/>
  <system-out><![CDATA[]]></system-out>
  <system-err><![CDATA[]]></system-err>
</testsuite>
